Build started 1/4/2016 10:25:56.
     1>Project "D:\GCC_WORK\WORKSPACE\GIT\LuaSmartCardLibrary\LuaScard.vcxproj" on node 2 (Build target(s)).
     1>ClCompile:
         C:\Program Files (x86)\Microsoft Visual Studio 14.0\VC\bin\x86_amd64\CL.exe /c /ZI /nologo /W3 /WX- /Od /D _DEBUG /D _CONSOLE /D _UNICODE /D UNICODE /Gm /EHsc /RTC1 /MDd /GS /fp:precise /Zc:wchar_t /Zc:forScope /Zc:inline /Fo"x64\Debug\\" /Fd"x64\Debug\vc140.pdb" /Gd /TC /errorReport:prompt Lua_SmartCardPCSC.c Lua_SmartCardSAM.c crypto.c ls_odbc.c lua_asn1.c lua_bit.c lua_bytes.c lua_crypto.c lua_log.c luasql.c
         luasql.c
     1>d:\gcc_work\workspace\git\luasmartcardlibrary\luasql.c(8): fatal error C1083: Cannot open include file: 'lua.h': No such file or directory
         lua_log.c
     1>d:\gcc_work\workspace\git\luasmartcardlibrary\lua_log.c(1): fatal error C1083: Cannot open include file: 'lua.h': No such file or directory
         lua_crypto.c
     1>d:\gcc_work\workspace\git\luasmartcardlibrary\lua_crypto.c(21): fatal error C1083: Cannot open include file: 'lauxlib.h': No such file or directory
         lua_bytes.c
     1>d:\gcc_work\workspace\git\luasmartcardlibrary\lua_bytes.c(21): fatal error C1083: Cannot open include file: 'lauxlib.h': No such file or directory
         lua_bit.c
     1>d:\gcc_work\workspace\git\luasmartcardlibrary\lua_bit.c(21): fatal error C1083: Cannot open include file: 'lauxlib.h': No such file or directory
         lua_asn1.c
     1>d:\gcc_work\workspace\git\luasmartcardlibrary\lua_asn1.c(21): fatal error C1083: Cannot open include file: 'lauxlib.h': No such file or directory
         ls_odbc.c
     1>d:\gcc_work\workspace\git\luasmartcardlibrary\ls_odbc.c(26): fatal error C1083: Cannot open include file: 'lua.h': No such file or directory
         crypto.c
     1>d:\gcc_work\workspace\git\luasmartcardlibrary\crypto.c(23): fatal error C1083: Cannot open include file: 'openssl/des.h': No such file or directory
         Lua_SmartCardSAM.c
     1>d:\gcc_work\workspace\git\luasmartcardlibrary\lua_smartcardsam.c(3): fatal error C1083: Cannot open include file: 'lua.h': No such file or directory
         Lua_SmartCardPCSC.c
     1>d:\gcc_work\workspace\git\luasmartcardlibrary\lua_smartcardpcsc.c(3): fatal error C1083: Cannot open include file: 'lua.h': No such file or directory
         Generating Code...
     1>Done Building Project "D:\GCC_WORK\WORKSPACE\GIT\LuaSmartCardLibrary\LuaScard.vcxproj" (Build target(s)) -- FAILED.

Build FAILED.

Time Elapsed 00:00:00.72
